----------------------------------------------
时间：2014/11/16 10:31:19
类型：Error
基本信息：方法DocumentAccess.GetEmpOrgByOrgID执行失败!
输入参数：
    szSQL=SELECT EmpID,OrgID FROM EmpOrg WHERE EmpID in( 8);
其他信息：
    未查询到记录
例外信息：null


----------------------------------------------
时间：2014/11/16 10:31:19
类型：Error
基本信息：方法DocumentAccess.GetEmpOrgByOrgID执行失败!
输入参数：
    szSQL=SELECT EmpID,OrgID FROM EmpOrg WHERE EmpID in( 8);
其他信息：
    未查询到记录
例外信息：null


----------------------------------------------
时间：2014/11/16 10:34:34
类型：Error
基本信息：方法DocumentAccess.GetEmpOrgByOrgID执行失败!
输入参数：
    szSQL=SELECT EmpID,OrgID FROM EmpOrg WHERE EmpID in( 8);
其他信息：
    未查询到记录
例外信息：null


----------------------------------------------
时间：2014/11/16 10:34:39
类型：Error
基本信息：方法DocumentAccess.GetEmpOrgByOrgID执行失败!
输入参数：
    szSQL=SELECT EmpID,OrgID FROM EmpOrg WHERE EmpID in( 8);
其他信息：
    未查询到记录
例外信息：null


----------------------------------------------
时间：2014/11/16 10:35:30
类型：Error
基本信息：方法DocumentAccess.GetEmpOrgByOrgID执行失败!
输入参数：
    szSQL=SELECT EmpID,OrgID FROM EmpOrg WHERE EmpID in( 8);
其他信息：
    未查询到记录
例外信息：null


----------------------------------------------
时间：2014/11/16 10:35:36
类型：Error
基本信息：方法DocumentAccess.GetEmpOrgByOrgID执行失败!
输入参数：
    szSQL=SELECT EmpID,OrgID FROM EmpOrg WHERE EmpID in( 8);
其他信息：
    未查询到记录
例外信息：null


----------------------------------------------
时间：2014/11/16 10:38:06
类型：Error
基本信息：方法DocumentAccess.GetEmpOrgByOrgID执行失败!
输入参数：
    szSQL=SELECT EmpID,OrgID FROM EmpOrg WHERE EmpID in( 8);
其他信息：
    未查询到记录
例外信息：null


----------------------------------------------
时间：2014/11/16 10:38:12
类型：Error
基本信息：方法DocumentAccess.GetEmpOrgByOrgID执行失败!
输入参数：
    szSQL=SELECT EmpID,OrgID FROM EmpOrg WHERE EmpID in( 8);
其他信息：
    未查询到记录
例外信息：null


----------------------------------------------
时间：2014/11/16 10:47:08
类型：Error
基本信息：方法DocumentAccess.GetEmpOrgByOrgID执行失败!
输入参数：
    szSQL=SELECT EmpID,OrgID FROM EmpOrg WHERE EmpID in( 8);
其他信息：
    未查询到记录
例外信息：null


----------------------------------------------
时间：2014/11/16 10:47:13
类型：Error
基本信息：方法DocumentAccess.GetEmpOrgByOrgID执行失败!
输入参数：
    szSQL=SELECT EmpID,OrgID FROM EmpOrg WHERE EmpID in( 8);
其他信息：
    未查询到记录
例外信息：null


----------------------------------------------
时间：2014/11/16 10:48:41
类型：Error
基本信息：方法DocumentAccess.GetEmpOrgByOrgID执行失败!
输入参数：
    szSQL=SELECT EmpID,OrgID FROM EmpOrg WHERE EmpID in( 8);
其他信息：
    未查询到记录
例外信息：null


----------------------------------------------
时间：2014/11/16 10:48:58
类型：Error
基本信息：方法DocumentAccess.GetEmpOrgByOrgID执行失败!
输入参数：
    szSQL=SELECT EmpID,OrgID FROM EmpOrg WHERE EmpID in( 8);
其他信息：
    未查询到记录
例外信息：null


----------------------------------------------
时间：2014/11/16 10:50:02
类型：Error
基本信息：方法DocumentAccess.GetEmpOrgByOrgID执行失败!
输入参数：
    szSQL=SELECT EmpID,OrgID FROM EmpOrg WHERE EmpID in( 8);
其他信息：
    未查询到记录
例外信息：null


----------------------------------------------
时间：2014/11/16 10:50:08
类型：Error
基本信息：方法DocumentAccess.GetEmpOrgByOrgID执行失败!
输入参数：
    szSQL=SELECT EmpID,OrgID FROM EmpOrg WHERE EmpID in( 8);
其他信息：
    未查询到记录
例外信息：null


----------------------------------------------
时间：2014/11/16 10:51:44
类型：Error
基本信息：方法DocumentAccess.GetEmpOrgByOrgID执行失败!
输入参数：
    szSQL=SELECT EmpID,OrgID FROM EmpOrg WHERE EmpID in( 8);
其他信息：
    未查询到记录
例外信息：null


----------------------------------------------
时间：2014/11/16 10:51:50
类型：Error
基本信息：方法DocumentAccess.GetEmpOrgByOrgID执行失败!
输入参数：
    szSQL=SELECT EmpID,OrgID FROM EmpOrg WHERE EmpID in( 8);
其他信息：
    未查询到记录
例外信息：null


----------------------------------------------
时间：2014/11/16 10:53:45
类型：Error
基本信息：方法DocumentAccess.GetEmpOrgByOrgID执行失败!
输入参数：
    szSQL=SELECT EmpID,OrgID FROM EmpOrg WHERE EmpID in( 8);
其他信息：
    未查询到记录
例外信息：null


----------------------------------------------
时间：2014/11/16 10:53:47
类型：Error
基本信息：方法DocumentAccess.GetEmpOrgByOrgID执行失败!
输入参数：
    szSQL=SELECT EmpID,OrgID FROM EmpOrg WHERE EmpID in( 8);
其他信息：
    未查询到记录
例外信息：null


----------------------------------------------
时间：2014/11/16 11:14:11
类型：Error
基本信息：方法DocumentAccess.GetEmpOrgByOrgID执行失败!
输入参数：
    szSQL=SELECT EmpID,OrgID FROM EmpOrg WHERE EmpID in( 8);
其他信息：
    未查询到记录
例外信息：null


----------------------------------------------
时间：2014/11/16 11:14:13
类型：Error
基本信息：方法DocumentAccess.GetEmpOrgByOrgID执行失败!
输入参数：
    szSQL=SELECT EmpID,OrgID FROM EmpOrg WHERE EmpID in( 8);
其他信息：
    未查询到记录
例外信息：null


----------------------------------------------
时间：2014/11/16 11:14:23
类型：Error
基本信息：方法DocumentAccess.GetEmpOrgByOrgID执行失败!
输入参数：
    szSQL=SELECT EmpID,OrgID FROM EmpOrg WHERE EmpID in( 8);
其他信息：
    未查询到记录
例外信息：null


----------------------------------------------
时间：2014/11/16 11:28:33
类型：Error
基本信息：方法Int16 GetPageList(System.String, System.String, System.String, Int32, Int32, Boolean, System.String, System.String, System.Data.DataSet ByRef)执行失败!
输入参数：
    param=select ID,Product,Version,Creater,SubmitTime,Owener,SoluteTime,State,Question,Title,FileAttach,Expense,Solution from Demand where 1=1 and Creater ='wbl' order by  SubmitTime Desc limit 0 , 20;;
    db-info=;
    ftp-info=;
其他信息：
    分页存储过程保存执行失败!
例外信息：MySql.Data.MySqlClient.MySqlException (0x80004005): Unable to connect to any of the specified MySQL hosts. ---> System.Exception: 引发类型为“System.Exception”的异常。
   在 MySql.Data.MySqlClient.NativeDriver.Open()
   在 Windy.Common.Libraries.DbAccess.OperateContext.GenericExceptionHandler(Exception ex) 位置 d:\all in one\project\websvn\zyldingfang\trunk\Common\Windy.Common\Windy.Common.Libraries\DbAccess\OperateContext.cs:行号 423
   在 Windy.Common.Libraries.DbAccess.OperateContext.ExecuteDataSet(String sql, CommandType cmdType, DbParameter[]& parameters) 位置 d:\all in one\project\websvn\zyldingfang\trunk\Common\Windy.Common\Windy.Common.Libraries\DbAccess\OperateContext.cs:行号 406
   在 Windy.Common.Libraries.DbAccess.OperateContext.ExecuteDataSet(String sql, CommandType cmdType) 位置 d:\all in one\project\websvn\zyldingfang\trunk\Common\Windy.Common\Windy.Common.Libraries\DbAccess\OperateContext.cs:行号 389
   在 Windy.Common.Libraries.DbAccess.DataAccess.ExecuteDataSet(String sql, CommandType cmdType) 位置 d:\all in one\project\websvn\zyldingfang\trunk\Common\Windy.Common\Windy.Common.Libraries\DbAccess\DataAccess.cs:行号 314
   在 Windy.Service.DAL.DBAccessBase.GetPageList(String szTableName, String szFields, String szOrderName, Int32 pageSize, Int32 pageIndex, Boolean isGetCount, String szOrderType, String strWhere, DataSet& result) 位置 d:\all in one\project\websvn\zyldingfang\trunk\Windy.Service.DAL\DBAccessBase.cs:行号 194


----------------------------------------------
时间：2014/11/16 11:29:10
类型：Error
基本信息：方法Int16 GetPageList(System.String, System.String, System.String, Int32, Int32, Boolean, System.String, System.String, System.Data.DataSet ByRef)执行失败!
输入参数：
    param=select ID,Product,Version,Creater,SubmitTime,Owener,SoluteTime,State,Question,Title,FileAttach,Expense,Solution from Demand where 1=1 and Creater ='wbl' order by  SubmitTime Desc limit 0 , 20;;
    db-info=;
    ftp-info=;
其他信息：
    分页存储过程保存执行失败!
例外信息：MySql.Data.MySqlClient.MySqlException (0x80004005): Unable to connect to any of the specified MySQL hosts. ---> System.Exception: 引发类型为“System.Exception”的异常。
   在 MySql.Data.MySqlClient.NativeDriver.Open()
   在 Windy.Common.Libraries.DbAccess.OperateContext.GenericExceptionHandler(Exception ex) 位置 d:\all in one\project\websvn\zyldingfang\trunk\Common\Windy.Common\Windy.Common.Libraries\DbAccess\OperateContext.cs:行号 423
   在 Windy.Common.Libraries.DbAccess.OperateContext.ExecuteDataSet(String sql, CommandType cmdType, DbParameter[]& parameters) 位置 d:\all in one\project\websvn\zyldingfang\trunk\Common\Windy.Common\Windy.Common.Libraries\DbAccess\OperateContext.cs:行号 406
   在 Windy.Common.Libraries.DbAccess.OperateContext.ExecuteDataSet(String sql, CommandType cmdType) 位置 d:\all in one\project\websvn\zyldingfang\trunk\Common\Windy.Common\Windy.Common.Libraries\DbAccess\OperateContext.cs:行号 389
   在 Windy.Common.Libraries.DbAccess.DataAccess.ExecuteDataSet(String sql, CommandType cmdType) 位置 d:\all in one\project\websvn\zyldingfang\trunk\Common\Windy.Common\Windy.Common.Libraries\DbAccess\DataAccess.cs:行号 314
   在 Windy.Service.DAL.DBAccessBase.GetPageList(String szTableName, String szFields, String szOrderName, Int32 pageSize, Int32 pageIndex, Boolean isGetCount, String szOrderType, String strWhere, DataSet& result) 位置 d:\all in one\project\websvn\zyldingfang\trunk\Windy.Service.DAL\DBAccessBase.cs:行号 194


----------------------------------------------
时间：2014/11/16 11:29:47
类型：Error
基本信息：方法Int16 GetPageList(System.String, System.String, System.String, Int32, Int32, Boolean, System.String, System.String, System.Data.DataSet ByRef)执行失败!
输入参数：
    param=select ID,Product,Version,Creater,SubmitTime,Owener,SoluteTime,State,Question,Title,FileAttach,Expense,Solution from Demand where 1=1 and Creater ='wbl' order by  SubmitTime Desc limit 0 , 20;;
    db-info=;
    ftp-info=;
其他信息：
    分页存储过程保存执行失败!
例外信息：MySql.Data.MySqlClient.MySqlException (0x80004005): Unable to connect to any of the specified MySQL hosts. ---> System.Exception: 引发类型为“System.Exception”的异常。
   在 MySql.Data.MySqlClient.NativeDriver.Open()
   在 Windy.Common.Libraries.DbAccess.OperateContext.GenericExceptionHandler(Exception ex) 位置 d:\all in one\project\websvn\zyldingfang\trunk\Common\Windy.Common\Windy.Common.Libraries\DbAccess\OperateContext.cs:行号 423
   在 Windy.Common.Libraries.DbAccess.OperateContext.ExecuteDataSet(String sql, CommandType cmdType, DbParameter[]& parameters) 位置 d:\all in one\project\websvn\zyldingfang\trunk\Common\Windy.Common\Windy.Common.Libraries\DbAccess\OperateContext.cs:行号 406
   在 Windy.Common.Libraries.DbAccess.OperateContext.ExecuteDataSet(String sql, CommandType cmdType) 位置 d:\all in one\project\websvn\zyldingfang\trunk\Common\Windy.Common\Windy.Common.Libraries\DbAccess\OperateContext.cs:行号 389
   在 Windy.Common.Libraries.DbAccess.DataAccess.ExecuteDataSet(String sql, CommandType cmdType) 位置 d:\all in one\project\websvn\zyldingfang\trunk\Common\Windy.Common\Windy.Common.Libraries\DbAccess\DataAccess.cs:行号 314
   在 Windy.Service.DAL.DBAccessBase.GetPageList(String szTableName, String szFields, String szOrderName, Int32 pageSize, Int32 pageIndex, Boolean isGetCount, String szOrderType, String strWhere, DataSet& result) 位置 d:\all in one\project\websvn\zyldingfang\trunk\Windy.Service.DAL\DBAccessBase.cs:行号 194


----------------------------------------------
时间：2014/11/16 11:30:49
类型：Error
基本信息：方法Int16 GetMenuList(System.String, System.Collections.Generic.List`1[Windy.Service.DAL.Menus] ByRef)执行失败!
输入参数：
    param=SELECT ID,MenuName,Url,ParentID,Icon,Description,MenuType FROM Menu WHERE 1=1;
    db-info=;
    ftp-info=;
其他信息：
    SQL语句执行失败!
例外信息：MySql.Data.MySqlClient.MySqlException (0x80004005): Unable to connect to any of the specified MySQL hosts. ---> System.Exception: 引发类型为“System.Exception”的异常。
   在 MySql.Data.MySqlClient.NativeDriver.Open()
   在 Windy.Common.Libraries.DbAccess.OperateContext.GenericExceptionHandler(Exception ex) 位置 d:\all in one\project\websvn\zyldingfang\trunk\Common\Windy.Common\Windy.Common.Libraries\DbAccess\OperateContext.cs:行号 423
   在 Windy.Common.Libraries.DbAccess.OperateContext.ExecuteReader(String sql, CommandType cmdType, DbParameter[]& parameters) 位置 d:\all in one\project\websvn\zyldingfang\trunk\Common\Windy.Common\Windy.Common.Libraries\DbAccess\OperateContext.cs:行号 351
   在 Windy.Common.Libraries.DbAccess.OperateContext.ExecuteReader(String sql, CommandType cmdType) 位置 d:\all in one\project\websvn\zyldingfang\trunk\Common\Windy.Common\Windy.Common.Libraries\DbAccess\OperateContext.cs:行号 337
   在 Windy.Common.Libraries.DbAccess.DataAccess.ExecuteReader(String sql, CommandType cmdType) 位置 d:\all in one\project\websvn\zyldingfang\trunk\Common\Windy.Common\Windy.Common.Libraries\DbAccess\DataAccess.cs:行号 274
   在 Windy.Service.DAL.zyldingfang.MenuAccess.GetMenuList(String keyWords, List`1& lstMenu) 位置 d:\all in one\project\websvn\zyldingfang\trunk\Windy.Service.DAL\zyldingfang\MenuAccess.cs:行号 211


----------------------------------------------
时间：2014/11/16 11:31:04
类型：Error
基本信息：方法Int16 GetEmpMenuByEmpID(System.String, System.Collections.Generic.List`1[Windy.Service.DAL.EmpMenu] ByRef)执行失败!
输入参数：
    param=SELECT EmpID,MenuID FROM EmpMenu WHERE EmpID = 8;
    db-info=;
    ftp-info=;
其他信息：
    SQL语句执行失败!
例外信息：MySql.Data.MySqlClient.MySqlException (0x80004005): Unable to connect to any of the specified MySQL hosts. ---> System.Exception: 引发类型为“System.Exception”的异常。
   在 MySql.Data.MySqlClient.NativeDriver.Open()
   在 Windy.Common.Libraries.DbAccess.OperateContext.GenericExceptionHandler(Exception ex) 位置 d:\all in one\project\websvn\zyldingfang\trunk\Common\Windy.Common\Windy.Common.Libraries\DbAccess\OperateContext.cs:行号 423
   在 Windy.Common.Libraries.DbAccess.OperateContext.ExecuteReader(String sql, CommandType cmdType, DbParameter[]& parameters) 位置 d:\all in one\project\websvn\zyldingfang\trunk\Common\Windy.Common\Windy.Common.Libraries\DbAccess\OperateContext.cs:行号 351
   在 Windy.Common.Libraries.DbAccess.OperateContext.ExecuteReader(String sql, CommandType cmdType) 位置 d:\all in one\project\websvn\zyldingfang\trunk\Common\Windy.Common\Windy.Common.Libraries\DbAccess\OperateContext.cs:行号 337
   在 Windy.Common.Libraries.DbAccess.DataAccess.ExecuteReader(String sql, CommandType cmdType) 位置 d:\all in one\project\websvn\zyldingfang\trunk\Common\Windy.Common\Windy.Common.Libraries\DbAccess\DataAccess.cs:行号 274
   在 Windy.Service.DAL.zyldingfang.EmpMenuAccess.GetEmpMenuByEmpID(String EmpID, List`1& lstEmpMenu) 位置 d:\all in one\project\websvn\zyldingfang\trunk\Windy.Service.DAL\zyldingfang\EmpMenuAccess.cs:行号 131


----------------------------------------------
时间：2014/11/16 11:31:25
类型：Error
基本信息：方法Int16 GetPageList(System.String, System.String, System.String, Int32, Int32, Boolean, System.String, System.String, System.Data.DataSet ByRef)执行失败!
输入参数：
    param=select ID,Product,Version,Creater,SubmitTime,Owener,SoluteTime,State,Question,Title,FileAttach,Expense,Solution from Demand where 1=1 and Creater ='wbl' order by  SubmitTime Desc limit 0 , 20;;
    db-info=;
    ftp-info=;
其他信息：
    分页存储过程保存执行失败!
例外信息：MySql.Data.MySqlClient.MySqlException (0x80004005): Unable to connect to any of the specified MySQL hosts. ---> System.Exception: 引发类型为“System.Exception”的异常。
   在 MySql.Data.MySqlClient.NativeDriver.Open()
   在 Windy.Common.Libraries.DbAccess.OperateContext.GenericExceptionHandler(Exception ex) 位置 d:\all in one\project\websvn\zyldingfang\trunk\Common\Windy.Common\Windy.Common.Libraries\DbAccess\OperateContext.cs:行号 423
   在 Windy.Common.Libraries.DbAccess.OperateContext.ExecuteDataSet(String sql, CommandType cmdType, DbParameter[]& parameters) 位置 d:\all in one\project\websvn\zyldingfang\trunk\Common\Windy.Common\Windy.Common.Libraries\DbAccess\OperateContext.cs:行号 406
   在 Windy.Common.Libraries.DbAccess.OperateContext.ExecuteDataSet(String sql, CommandType cmdType) 位置 d:\all in one\project\websvn\zyldingfang\trunk\Common\Windy.Common\Windy.Common.Libraries\DbAccess\OperateContext.cs:行号 389
   在 Windy.Common.Libraries.DbAccess.DataAccess.ExecuteDataSet(String sql, CommandType cmdType) 位置 d:\all in one\project\websvn\zyldingfang\trunk\Common\Windy.Common\Windy.Common.Libraries\DbAccess\DataAccess.cs:行号 314
   在 Windy.Service.DAL.DBAccessBase.GetPageList(String szTableName, String szFields, String szOrderName, Int32 pageSize, Int32 pageIndex, Boolean isGetCount, String szOrderType, String strWhere, DataSet& result) 位置 d:\all in one\project\websvn\zyldingfang\trunk\Windy.Service.DAL\DBAccessBase.cs:行号 194


----------------------------------------------
时间：2014/11/16 11:31:52
类型：Error
基本信息：方法Int16 GetMenuList(System.String, System.Collections.Generic.List`1[Windy.Service.DAL.Menus] ByRef)执行失败!
输入参数：
    param=SELECT ID,MenuName,Url,ParentID,Icon,Description,MenuType FROM Menu WHERE 1=1;
    db-info=;
    ftp-info=;
其他信息：
    SQL语句执行失败!
例外信息：MySql.Data.MySqlClient.MySqlException (0x80004005): Unable to connect to any of the specified MySQL hosts. ---> System.Exception: 引发类型为“System.Exception”的异常。
   在 MySql.Data.MySqlClient.NativeDriver.Open()
   在 Windy.Common.Libraries.DbAccess.OperateContext.GenericExceptionHandler(Exception ex) 位置 d:\all in one\project\websvn\zyldingfang\trunk\Common\Windy.Common\Windy.Common.Libraries\DbAccess\OperateContext.cs:行号 423
   在 Windy.Common.Libraries.DbAccess.OperateContext.ExecuteReader(String sql, CommandType cmdType, DbParameter[]& parameters) 位置 d:\all in one\project\websvn\zyldingfang\trunk\Common\Windy.Common\Windy.Common.Libraries\DbAccess\OperateContext.cs:行号 351
   在 Windy.Common.Libraries.DbAccess.OperateContext.ExecuteReader(String sql, CommandType cmdType) 位置 d:\all in one\project\websvn\zyldingfang\trunk\Common\Windy.Common\Windy.Common.Libraries\DbAccess\OperateContext.cs:行号 337
   在 Windy.Common.Libraries.DbAccess.DataAccess.ExecuteReader(String sql, CommandType cmdType) 位置 d:\all in one\project\websvn\zyldingfang\trunk\Common\Windy.Common\Windy.Common.Libraries\DbAccess\DataAccess.cs:行号 274
   在 Windy.Service.DAL.zyldingfang.MenuAccess.GetMenuList(String keyWords, List`1& lstMenu) 位置 d:\all in one\project\websvn\zyldingfang\trunk\Windy.Service.DAL\zyldingfang\MenuAccess.cs:行号 211


----------------------------------------------
时间：2014/11/16 11:33:32
类型：Error
基本信息：方法DocumentAccess.GetEmpOrgByOrgID执行失败!
输入参数：
    szSQL=SELECT EmpID,OrgID FROM EmpOrg WHERE EmpID in( 8);
其他信息：
    未查询到记录
例外信息：null


----------------------------------------------
时间：2014/11/16 11:34:12
类型：Error
基本信息：方法Int16 GetEmpOrgByEmpID(System.String, System.Collections.Generic.List`1[Windy.Service.DAL.EmpOrg] ByRef)执行失败!
输入参数：
    param=SELECT EmpID,OrgID FROM EmpOrg WHERE EmpID in( 8);
    db-info=;
    ftp-info=;
其他信息：
    SQL语句执行失败!
例外信息：MySql.Data.MySqlClient.MySqlException (0x80004005): Unable to connect to any of the specified MySQL hosts. ---> System.Exception: 引发类型为“System.Exception”的异常。
   在 MySql.Data.MySqlClient.NativeDriver.Open()
   在 Windy.Common.Libraries.DbAccess.OperateContext.GenericExceptionHandler(Exception ex) 位置 d:\all in one\project\websvn\zyldingfang\trunk\Common\Windy.Common\Windy.Common.Libraries\DbAccess\OperateContext.cs:行号 423
   在 Windy.Common.Libraries.DbAccess.OperateContext.ExecuteReader(String sql, CommandType cmdType, DbParameter[]& parameters) 位置 d:\all in one\project\websvn\zyldingfang\trunk\Common\Windy.Common\Windy.Common.Libraries\DbAccess\OperateContext.cs:行号 351
   在 Windy.Common.Libraries.DbAccess.OperateContext.ExecuteReader(String sql, CommandType cmdType) 位置 d:\all in one\project\websvn\zyldingfang\trunk\Common\Windy.Common\Windy.Common.Libraries\DbAccess\OperateContext.cs:行号 337
   在 Windy.Common.Libraries.DbAccess.DataAccess.ExecuteReader(String sql, CommandType cmdType) 位置 d:\all in one\project\websvn\zyldingfang\trunk\Common\Windy.Common\Windy.Common.Libraries\DbAccess\DataAccess.cs:行号 274
   在 Windy.Service.DAL.zyldingfang.EmpOrgAccess.GetEmpOrgByEmpID(String EmpID, List`1& lstEmpOrg) 位置 d:\all in one\project\websvn\zyldingfang\trunk\Windy.Service.DAL\zyldingfang\EmpOrgAccess.cs:行号 131


----------------------------------------------
时间：2014/11/16 11:34:28
类型：Error
基本信息：方法Int16 ExecuteQuery(System.String, System.Data.DataSet ByRef)执行失败!
输入参数：
    param=select ID,Name,School,ExamSchool,Sequences,Tel,Baks,Pwd,PayMoney,ExamPlace,Room,Hotel,HotelExpense,MoneyBack,EmployeeID,Gender,Template,PayPlace,ExceptRoomie,Status from Users where 1=1 order by EmployeeID,Sequences;
    db-info=;
    ftp-info=;
其他信息：
    SQL语句执行失败!
例外信息：MySql.Data.MySqlClient.MySqlException (0x80004005): Unable to connect to any of the specified MySQL hosts. ---> System.Exception: 引发类型为“System.Exception”的异常。
   在 MySql.Data.MySqlClient.NativeDriver.Open()
   在 Windy.Common.Libraries.DbAccess.OperateContext.GenericExceptionHandler(Exception ex) 位置 d:\all in one\project\websvn\zyldingfang\trunk\Common\Windy.Common\Windy.Common.Libraries\DbAccess\OperateContext.cs:行号 423
   在 Windy.Common.Libraries.DbAccess.OperateContext.ExecuteDataSet(String sql, CommandType cmdType, DbParameter[]& parameters) 位置 d:\all in one\project\websvn\zyldingfang\trunk\Common\Windy.Common\Windy.Common.Libraries\DbAccess\OperateContext.cs:行号 406
   在 Windy.Common.Libraries.DbAccess.OperateContext.ExecuteDataSet(String sql, CommandType cmdType) 位置 d:\all in one\project\websvn\zyldingfang\trunk\Common\Windy.Common\Windy.Common.Libraries\DbAccess\OperateContext.cs:行号 389
   在 Windy.Common.Libraries.DbAccess.DataAccess.ExecuteDataSet(String sql, CommandType cmdType) 位置 d:\all in one\project\websvn\zyldingfang\trunk\Common\Windy.Common\Windy.Common.Libraries\DbAccess\DataAccess.cs:行号 314
   在 Windy.Service.DAL.CommonAccess.ExecuteQuery(String sql, DataSet& result) 位置 d:\all in one\project\websvn\zyldingfang\trunk\Windy.Service.DAL\CommonAccess.cs:行号 88


----------------------------------------------
时间：2014/11/16 11:34:43
类型：Error
基本信息：方法Int16 GetPageList(System.String, System.String, System.String, Int32, Int32, Boolean, System.String, System.String, System.Data.DataSet ByRef)执行失败!
输入参数：
    param=Select count(*) from Users where 1=1;
    db-info=;
    ftp-info=;
其他信息：
    分页存储过程保存执行失败!
例外信息：MySql.Data.MySqlClient.MySqlException (0x80004005): Unable to connect to any of the specified MySQL hosts. ---> System.Exception: 引发类型为“System.Exception”的异常。
   在 MySql.Data.MySqlClient.NativeDriver.Open()
   在 Windy.Common.Libraries.DbAccess.OperateContext.GenericExceptionHandler(Exception ex) 位置 d:\all in one\project\websvn\zyldingfang\trunk\Common\Windy.Common\Windy.Common.Libraries\DbAccess\OperateContext.cs:行号 423
   在 Windy.Common.Libraries.DbAccess.OperateContext.ExecuteDataSet(String sql, CommandType cmdType, DbParameter[]& parameters) 位置 d:\all in one\project\websvn\zyldingfang\trunk\Common\Windy.Common\Windy.Common.Libraries\DbAccess\OperateContext.cs:行号 406
   在 Windy.Common.Libraries.DbAccess.OperateContext.ExecuteDataSet(String sql, CommandType cmdType) 位置 d:\all in one\project\websvn\zyldingfang\trunk\Common\Windy.Common\Windy.Common.Libraries\DbAccess\OperateContext.cs:行号 389
   在 Windy.Common.Libraries.DbAccess.DataAccess.ExecuteDataSet(String sql, CommandType cmdType) 位置 d:\all in one\project\websvn\zyldingfang\trunk\Common\Windy.Common\Windy.Common.Libraries\DbAccess\DataAccess.cs:行号 314
   在 Windy.Service.DAL.DBAccessBase.GetPageList(String szTableName, String szFields, String szOrderName, Int32 pageSize, Int32 pageIndex, Boolean isGetCount, String szOrderType, String strWhere, DataSet& result) 位置 d:\all in one\project\websvn\zyldingfang\trunk\Windy.Service.DAL\DBAccessBase.cs:行号 194


----------------------------------------------
时间：2014/11/16 11:36:13
类型：Error
基本信息：方法DocumentAccess.GetEmpOrgByOrgID执行失败!
输入参数：
    szSQL=SELECT EmpID,OrgID FROM EmpOrg WHERE EmpID in( 8);
其他信息：
    未查询到记录
例外信息：null


----------------------------------------------
时间：2014/11/16 11:36:16
类型：Error
基本信息：方法DocumentAccess.GetEmpOrgByOrgID执行失败!
输入参数：
    szSQL=SELECT EmpID,OrgID FROM EmpOrg WHERE EmpID in( 8);
其他信息：
    未查询到记录
例外信息：null


----------------------------------------------
时间：2014/11/16 11:38:42
类型：Error
基本信息：方法DocumentAccess.GetEmpOrgByOrgID执行失败!
输入参数：
    szSQL=SELECT EmpID,OrgID FROM EmpOrg WHERE EmpID in( 8);
其他信息：
    未查询到记录
例外信息：null


----------------------------------------------
时间：2014/11/16 11:38:42
类型：Error
基本信息：方法DocumentAccess.GetEmpOrgByOrgID执行失败!
输入参数：
    szSQL=SELECT EmpID,OrgID FROM EmpOrg WHERE EmpID in( 8);
其他信息：
    未查询到记录
例外信息：null


----------------------------------------------
时间：2014/11/16 11:38:56
类型：Error
基本信息：方法DocumentAccess.GetEmpOrgByOrgID执行失败!
输入参数：
    szSQL=SELECT EmpID,OrgID FROM EmpOrg WHERE EmpID in( 8);
其他信息：
    未查询到记录
例外信息：null


----------------------------------------------
时间：2014/11/16 11:39:51
类型：Error
基本信息：方法DocumentAccess.GetEmpOrgByOrgID执行失败!
输入参数：
    szSQL=SELECT EmpID,OrgID FROM EmpOrg WHERE EmpID in( 8);
其他信息：
    未查询到记录
例外信息：null


----------------------------------------------
时间：2014/11/16 11:39:52
类型：Error
基本信息：方法DocumentAccess.GetEmpOrgByOrgID执行失败!
输入参数：
    szSQL=SELECT EmpID,OrgID FROM EmpOrg WHERE EmpID in( 8);
其他信息：
    未查询到记录
例外信息：null


----------------------------------------------
时间：2014/11/16 11:40:01
类型：Error
基本信息：方法DocumentAccess.GetEmpOrgByOrgID执行失败!
输入参数：
    szSQL=SELECT EmpID,OrgID FROM EmpOrg WHERE EmpID in( 8);
其他信息：
    未查询到记录
例外信息：null


----------------------------------------------
时间：2014/11/16 11:42:23
类型：Error
基本信息：方法Int16 GetEmpOrgByEmpID(System.String, System.Collections.Generic.List`1[Windy.Service.DAL.EmpOrg] ByRef)执行失败!
输入参数：
    param=SELECT EmpID,OrgID FROM EmpOrg WHERE EmpID in( 8);
    db-info=;
    ftp-info=;
其他信息：
    SQL语句执行失败!
例外信息：MySql.Data.MySqlClient.MySqlException (0x80004005): Unable to connect to any of the specified MySQL hosts. ---> System.Exception: 引发类型为“System.Exception”的异常。
   在 MySql.Data.MySqlClient.NativeDriver.Open()
   在 Windy.Common.Libraries.DbAccess.OperateContext.GenericExceptionHandler(Exception ex) 位置 d:\all in one\project\websvn\zyldingfang\trunk\Common\Windy.Common\Windy.Common.Libraries\DbAccess\OperateContext.cs:行号 423
   在 Windy.Common.Libraries.DbAccess.OperateContext.ExecuteReader(String sql, CommandType cmdType, DbParameter[]& parameters) 位置 d:\all in one\project\websvn\zyldingfang\trunk\Common\Windy.Common\Windy.Common.Libraries\DbAccess\OperateContext.cs:行号 351
   在 Windy.Common.Libraries.DbAccess.OperateContext.ExecuteReader(String sql, CommandType cmdType) 位置 d:\all in one\project\websvn\zyldingfang\trunk\Common\Windy.Common\Windy.Common.Libraries\DbAccess\OperateContext.cs:行号 337
   在 Windy.Common.Libraries.DbAccess.DataAccess.ExecuteReader(String sql, CommandType cmdType) 位置 d:\all in one\project\websvn\zyldingfang\trunk\Common\Windy.Common\Windy.Common.Libraries\DbAccess\DataAccess.cs:行号 274
   在 Windy.Service.DAL.zyldingfang.EmpOrgAccess.GetEmpOrgByEmpID(String EmpID, List`1& lstEmpOrg) 位置 d:\all in one\project\websvn\zyldingfang\trunk\Windy.Service.DAL\zyldingfang\EmpOrgAccess.cs:行号 131


----------------------------------------------
时间：2014/11/16 11:42:38
类型：Error
基本信息：方法Int16 GetEmpOrgByEmpID(System.String, System.Collections.Generic.List`1[Windy.Service.DAL.EmpOrg] ByRef)执行失败!
输入参数：
    param=SELECT EmpID,OrgID FROM EmpOrg WHERE EmpID in( 8);
    db-info=;
    ftp-info=;
其他信息：
    SQL语句执行失败!
例外信息：MySql.Data.MySqlClient.MySqlException (0x80004005): Unable to connect to any of the specified MySQL hosts. ---> System.Exception: 引发类型为“System.Exception”的异常。
   在 MySql.Data.MySqlClient.NativeDriver.Open()
   在 Windy.Common.Libraries.DbAccess.OperateContext.GenericExceptionHandler(Exception ex) 位置 d:\all in one\project\websvn\zyldingfang\trunk\Common\Windy.Common\Windy.Common.Libraries\DbAccess\OperateContext.cs:行号 423
   在 Windy.Common.Libraries.DbAccess.OperateContext.ExecuteReader(String sql, CommandType cmdType, DbParameter[]& parameters) 位置 d:\all in one\project\websvn\zyldingfang\trunk\Common\Windy.Common\Windy.Common.Libraries\DbAccess\OperateContext.cs:行号 351
   在 Windy.Common.Libraries.DbAccess.OperateContext.ExecuteReader(String sql, CommandType cmdType) 位置 d:\all in one\project\websvn\zyldingfang\trunk\Common\Windy.Common\Windy.Common.Libraries\DbAccess\OperateContext.cs:行号 337
   在 Windy.Common.Libraries.DbAccess.DataAccess.ExecuteReader(String sql, CommandType cmdType) 位置 d:\all in one\project\websvn\zyldingfang\trunk\Common\Windy.Common\Windy.Common.Libraries\DbAccess\DataAccess.cs:行号 274
   在 Windy.Service.DAL.zyldingfang.EmpOrgAccess.GetEmpOrgByEmpID(String EmpID, List`1& lstEmpOrg) 位置 d:\all in one\project\websvn\zyldingfang\trunk\Windy.Service.DAL\zyldingfang\EmpOrgAccess.cs:行号 131


----------------------------------------------
时间：2014/11/16 11:42:54
类型：Error
基本信息：方法Int16 ExecuteQuery(System.String, System.Data.DataSet ByRef)执行失败!
输入参数：
    param=select ID,Name,School,ExamSchool,Sequences,Tel,Baks,Pwd,PayMoney,ExamPlace,Room,Hotel,HotelExpense,MoneyBack,EmployeeID,Gender,Template,PayPlace,ExceptRoomie,Status from Users where 1=1 order by EmployeeID,Sequences;
    db-info=;
    ftp-info=;
其他信息：
    SQL语句执行失败!
例外信息：MySql.Data.MySqlClient.MySqlException (0x80004005): Unable to connect to any of the specified MySQL hosts. ---> System.Exception: 引发类型为“System.Exception”的异常。
   在 MySql.Data.MySqlClient.NativeDriver.Open()
   在 Windy.Common.Libraries.DbAccess.OperateContext.GenericExceptionHandler(Exception ex) 位置 d:\all in one\project\websvn\zyldingfang\trunk\Common\Windy.Common\Windy.Common.Libraries\DbAccess\OperateContext.cs:行号 423
   在 Windy.Common.Libraries.DbAccess.OperateContext.ExecuteDataSet(String sql, CommandType cmdType, DbParameter[]& parameters) 位置 d:\all in one\project\websvn\zyldingfang\trunk\Common\Windy.Common\Windy.Common.Libraries\DbAccess\OperateContext.cs:行号 406
   在 Windy.Common.Libraries.DbAccess.OperateContext.ExecuteDataSet(String sql, CommandType cmdType) 位置 d:\all in one\project\websvn\zyldingfang\trunk\Common\Windy.Common\Windy.Common.Libraries\DbAccess\OperateContext.cs:行号 389
   在 Windy.Common.Libraries.DbAccess.DataAccess.ExecuteDataSet(String sql, CommandType cmdType) 位置 d:\all in one\project\websvn\zyldingfang\trunk\Common\Windy.Common\Windy.Common.Libraries\DbAccess\DataAccess.cs:行号 314
   在 Windy.Service.DAL.CommonAccess.ExecuteQuery(String sql, DataSet& result) 位置 d:\all in one\project\websvn\zyldingfang\trunk\Windy.Service.DAL\CommonAccess.cs:行号 88


----------------------------------------------
时间：2014/11/16 11:43:09
类型：Error
基本信息：方法Int16 GetPageList(System.String, System.String, System.String, Int32, Int32, Boolean, System.String, System.String, System.Data.DataSet ByRef)执行失败!
输入参数：
    param=Select count(*) from Users where 1=1;
    db-info=;
    ftp-info=;
其他信息：
    分页存储过程保存执行失败!
例外信息：MySql.Data.MySqlClient.MySqlException (0x80004005): Unable to connect to any of the specified MySQL hosts. ---> System.Exception: 引发类型为“System.Exception”的异常。
   在 MySql.Data.MySqlClient.NativeDriver.Open()
   在 Windy.Common.Libraries.DbAccess.OperateContext.GenericExceptionHandler(Exception ex) 位置 d:\all in one\project\websvn\zyldingfang\trunk\Common\Windy.Common\Windy.Common.Libraries\DbAccess\OperateContext.cs:行号 423
   在 Windy.Common.Libraries.DbAccess.OperateContext.ExecuteDataSet(String sql, CommandType cmdType, DbParameter[]& parameters) 位置 d:\all in one\project\websvn\zyldingfang\trunk\Common\Windy.Common\Windy.Common.Libraries\DbAccess\OperateContext.cs:行号 406
   在 Windy.Common.Libraries.DbAccess.OperateContext.ExecuteDataSet(String sql, CommandType cmdType) 位置 d:\all in one\project\websvn\zyldingfang\trunk\Common\Windy.Common\Windy.Common.Libraries\DbAccess\OperateContext.cs:行号 389
   在 Windy.Common.Libraries.DbAccess.DataAccess.ExecuteDataSet(String sql, CommandType cmdType) 位置 d:\all in one\project\websvn\zyldingfang\trunk\Common\Windy.Common\Windy.Common.Libraries\DbAccess\DataAccess.cs:行号 314
   在 Windy.Service.DAL.DBAccessBase.GetPageList(String szTableName, String szFields, String szOrderName, Int32 pageSize, Int32 pageIndex, Boolean isGetCount, String szOrderType, String strWhere, DataSet& result) 位置 d:\all in one\project\websvn\zyldingfang\trunk\Windy.Service.DAL\DBAccessBase.cs:行号 194


----------------------------------------------
时间：2014/11/16 11:43:25
类型：Error
基本信息：方法DocumentAccess.GetEmpOrgByOrgID执行失败!
输入参数：
    szSQL=SELECT EmpID,OrgID FROM EmpOrg WHERE EmpID in( 8);
其他信息：
    未查询到记录
例外信息：null


----------------------------------------------
时间：2014/11/16 11:43:26
类型：Error
基本信息：方法DocumentAccess.GetEmpOrgByOrgID执行失败!
输入参数：
    szSQL=SELECT EmpID,OrgID FROM EmpOrg WHERE EmpID in( 8);
其他信息：
    未查询到记录
例外信息：null


----------------------------------------------
时间：2014/11/16 11:43:43
类型：Error
基本信息：方法DocumentAccess.GetEmpOrgByOrgID执行失败!
输入参数：
    szSQL=SELECT EmpID,OrgID FROM EmpOrg WHERE EmpID in( 8);
其他信息：
    未查询到记录
例外信息：null


----------------------------------------------
时间：2014/11/16 11:43:44
类型：Error
基本信息：方法DocumentAccess.GetEmpOrgByOrgID执行失败!
输入参数：
    szSQL=SELECT EmpID,OrgID FROM EmpOrg WHERE EmpID in( 8);
其他信息：
    未查询到记录
例外信息：null


----------------------------------------------
时间：2014/11/16 11:43:55
类型：Error
基本信息：方法DocumentAccess.GetEmpOrgByOrgID执行失败!
输入参数：
    szSQL=SELECT EmpID,OrgID FROM EmpOrg WHERE EmpID in( 8);
其他信息：
    未查询到记录
例外信息：null


----------------------------------------------
时间：2014/11/16 11:44:05
类型：Error
基本信息：方法DocumentAccess.GetEmpOrgByOrgID执行失败!
输入参数：
    szSQL=SELECT EmpID,OrgID FROM EmpOrg WHERE EmpID in( 8);
其他信息：
    未查询到记录
例外信息：null


----------------------------------------------
时间：2014/11/16 11:44:33
类型：Error
基本信息：方法Int16 GetPageList(System.String, System.String, System.String, Int32, Int32, Boolean, System.String, System.String, System.Data.DataSet ByRef)执行失败!
输入参数：
    param=Select count(*) from Employee where 1=1;
    db-info=;
    ftp-info=;
其他信息：
    分页存储过程保存执行失败!
例外信息：System.Threading.SemaphoreFullException: 将指定的计数添加到该信号量中会导致其超过最大计数。
   在 System.Threading.Semaphore.Release(Int32 releaseCount)
   在 System.Threading.Semaphore.Release()
   在 MySql.Data.MySqlClient.MySqlPool.ReleaseConnection(Driver driver)
   在 MySql.Data.MySqlClient.MySqlPoolManager.ReleaseConnection(Driver driver)
   在 MySql.Data.MySqlClient.MySqlConnection.CloseFully()
   在 MySql.Data.MySqlClient.MySqlConnection.Close()
   在 Windy.Common.Libraries.DbAccess.OperateContext.CloseConnnection(Boolean bCheckTransaction) 位置 d:\all in one\project\websvn\zyldingfang\trunk\Common\Windy.Common\Windy.Common.Libraries\DbAccess\OperateContext.cs:行号 128
   在 Windy.Common.Libraries.DbAccess.OperateContext.ExecuteDataSet(String sql, CommandType cmdType, DbParameter[]& parameters) 位置 d:\all in one\project\websvn\zyldingfang\trunk\Common\Windy.Common\Windy.Common.Libraries\DbAccess\OperateContext.cs:行号 411
   在 Windy.Common.Libraries.DbAccess.OperateContext.ExecuteDataSet(String sql, CommandType cmdType) 位置 d:\all in one\project\websvn\zyldingfang\trunk\Common\Windy.Common\Windy.Common.Libraries\DbAccess\OperateContext.cs:行号 389
   在 Windy.Common.Libraries.DbAccess.DataAccess.ExecuteDataSet(String sql, CommandType cmdType) 位置 d:\all in one\project\websvn\zyldingfang\trunk\Common\Windy.Common\Windy.Common.Libraries\DbAccess\DataAccess.cs:行号 314
   在 Windy.Service.DAL.DBAccessBase.GetPageList(String szTableName, String szFields, String szOrderName, Int32 pageSize, Int32 pageIndex, Boolean isGetCount, String szOrderType, String strWhere, DataSet& result) 位置 d:\all in one\project\websvn\zyldingfang\trunk\Windy.Service.DAL\DBAccessBase.cs:行号 194


----------------------------------------------
时间：2014/11/16 11:45:08
类型：Error
基本信息：方法Int16 GetPageList(System.String, System.String, System.String, Int32, Int32, Boolean, System.String, System.String, System.Data.DataSet ByRef)执行失败!
输入参数：
    param=select ID,EmpNo,Name,OrgName,Pwd,RoleType,Tel from Employee where 1=1 order by  ID Desc limit 0 , 10;;
    db-info=;
    ftp-info=;
其他信息：
    分页存储过程保存执行失败!
例外信息：MySql.Data.MySqlClient.MySqlException (0x80004005): Unable to connect to any of the specified MySQL hosts. ---> System.Exception: 引发类型为“System.Exception”的异常。
   在 MySql.Data.MySqlClient.NativeDriver.Open()
   在 Windy.Common.Libraries.DbAccess.OperateContext.GenericExceptionHandler(Exception ex) 位置 d:\all in one\project\websvn\zyldingfang\trunk\Common\Windy.Common\Windy.Common.Libraries\DbAccess\OperateContext.cs:行号 423
   在 Windy.Common.Libraries.DbAccess.OperateContext.ExecuteDataSet(String sql, CommandType cmdType, DbParameter[]& parameters) 位置 d:\all in one\project\websvn\zyldingfang\trunk\Common\Windy.Common\Windy.Common.Libraries\DbAccess\OperateContext.cs:行号 406
   在 Windy.Common.Libraries.DbAccess.OperateContext.ExecuteDataSet(String sql, CommandType cmdType) 位置 d:\all in one\project\websvn\zyldingfang\trunk\Common\Windy.Common\Windy.Common.Libraries\DbAccess\OperateContext.cs:行号 389
   在 Windy.Common.Libraries.DbAccess.DataAccess.ExecuteDataSet(String sql, CommandType cmdType) 位置 d:\all in one\project\websvn\zyldingfang\trunk\Common\Windy.Common\Windy.Common.Libraries\DbAccess\DataAccess.cs:行号 314
   在 Windy.Service.DAL.DBAccessBase.GetPageList(String szTableName, String szFields, String szOrderName, Int32 pageSize, Int32 pageIndex, Boolean isGetCount, String szOrderType, String strWhere, DataSet& result) 位置 d:\all in one\project\websvn\zyldingfang\trunk\Windy.Service.DAL\DBAccessBase.cs:行号 194


----------------------------------------------
时间：2014/11/16 11:51:22
类型：Error
基本信息：方法Int16 GetMenuList(System.String, System.Collections.Generic.List`1[Windy.Service.DAL.Menus] ByRef)执行失败!
输入参数：
    param=SELECT ID,MenuName,Url,ParentID,Icon,Description,MenuType FROM Menu WHERE 1=1;
    db-info=;
    ftp-info=;
其他信息：
    SQL语句执行失败!
例外信息：MySql.Data.MySqlClient.MySqlException (0x80004005): Unable to connect to any of the specified MySQL hosts. ---> System.Exception: 引发类型为“System.Exception”的异常。
   在 MySql.Data.MySqlClient.NativeDriver.Open()
   在 Windy.Common.Libraries.DbAccess.OperateContext.GenericExceptionHandler(Exception ex) 位置 d:\all in one\project\websvn\zyldingfang\trunk\Common\Windy.Common\Windy.Common.Libraries\DbAccess\OperateContext.cs:行号 423
   在 Windy.Common.Libraries.DbAccess.OperateContext.ExecuteReader(String sql, CommandType cmdType, DbParameter[]& parameters) 位置 d:\all in one\project\websvn\zyldingfang\trunk\Common\Windy.Common\Windy.Common.Libraries\DbAccess\OperateContext.cs:行号 351
   在 Windy.Common.Libraries.DbAccess.OperateContext.ExecuteReader(String sql, CommandType cmdType) 位置 d:\all in one\project\websvn\zyldingfang\trunk\Common\Windy.Common\Windy.Common.Libraries\DbAccess\OperateContext.cs:行号 337
   在 Windy.Common.Libraries.DbAccess.DataAccess.ExecuteReader(String sql, CommandType cmdType) 位置 d:\all in one\project\websvn\zyldingfang\trunk\Common\Windy.Common\Windy.Common.Libraries\DbAccess\DataAccess.cs:行号 274
   在 Windy.Service.DAL.zyldingfang.MenuAccess.GetMenuList(String keyWords, List`1& lstMenu) 位置 d:\all in one\project\websvn\zyldingfang\trunk\Windy.Service.DAL\zyldingfang\MenuAccess.cs:行号 211


----------------------------------------------
时间：2014/11/16 11:51:37
类型：Error
基本信息：方法Int16 GetEmpMenuByEmpID(System.String, System.Collections.Generic.List`1[Windy.Service.DAL.EmpMenu] ByRef)执行失败!
输入参数：
    param=SELECT EmpID,MenuID FROM EmpMenu WHERE EmpID = 8;
    db-info=;
    ftp-info=;
其他信息：
    SQL语句执行失败!
例外信息：MySql.Data.MySqlClient.MySqlException (0x80004005): Unable to connect to any of the specified MySQL hosts. ---> System.Exception: 引发类型为“System.Exception”的异常。
   在 MySql.Data.MySqlClient.NativeDriver.Open()
   在 Windy.Common.Libraries.DbAccess.OperateContext.GenericExceptionHandler(Exception ex) 位置 d:\all in one\project\websvn\zyldingfang\trunk\Common\Windy.Common\Windy.Common.Libraries\DbAccess\OperateContext.cs:行号 423
   在 Windy.Common.Libraries.DbAccess.OperateContext.ExecuteReader(String sql, CommandType cmdType, DbParameter[]& parameters) 位置 d:\all in one\project\websvn\zyldingfang\trunk\Common\Windy.Common\Windy.Common.Libraries\DbAccess\OperateContext.cs:行号 351
   在 Windy.Common.Libraries.DbAccess.OperateContext.ExecuteReader(String sql, CommandType cmdType) 位置 d:\all in one\project\websvn\zyldingfang\trunk\Common\Windy.Common\Windy.Common.Libraries\DbAccess\OperateContext.cs:行号 337
   在 Windy.Common.Libraries.DbAccess.DataAccess.ExecuteReader(String sql, CommandType cmdType) 位置 d:\all in one\project\websvn\zyldingfang\trunk\Common\Windy.Common\Windy.Common.Libraries\DbAccess\DataAccess.cs:行号 274
   在 Windy.Service.DAL.zyldingfang.EmpMenuAccess.GetEmpMenuByEmpID(String EmpID, List`1& lstEmpMenu) 位置 d:\all in one\project\websvn\zyldingfang\trunk\Windy.Service.DAL\zyldingfang\EmpMenuAccess.cs:行号 131


----------------------------------------------
时间：2014/11/16 11:52:01
类型：Error
基本信息：方法Int16 GetPageList(System.String, System.String, System.String, Int32, Int32, Boolean, System.String, System.String, System.Data.DataSet ByRef)执行失败!
输入参数：
    param=select ID,Product,Version,Creater,SubmitTime,Owener,SoluteTime,State,Question,Title,FileAttach,Expense,Solution from Demand where 1=1 and Creater ='wbl' order by  SubmitTime Desc limit 0 , 20;;
    db-info=;
    ftp-info=;
其他信息：
    分页存储过程保存执行失败!
例外信息：MySql.Data.MySqlClient.MySqlException (0x80004005): Unable to connect to any of the specified MySQL hosts. ---> System.Exception: 引发类型为“System.Exception”的异常。
   在 MySql.Data.MySqlClient.NativeDriver.Open()
   在 Windy.Common.Libraries.DbAccess.OperateContext.GenericExceptionHandler(Exception ex) 位置 d:\all in one\project\websvn\zyldingfang\trunk\Common\Windy.Common\Windy.Common.Libraries\DbAccess\OperateContext.cs:行号 423
   在 Windy.Common.Libraries.DbAccess.OperateContext.ExecuteDataSet(String sql, CommandType cmdType, DbParameter[]& parameters) 位置 d:\all in one\project\websvn\zyldingfang\trunk\Common\Windy.Common\Windy.Common.Libraries\DbAccess\OperateContext.cs:行号 406
   在 Windy.Common.Libraries.DbAccess.OperateContext.ExecuteDataSet(String sql, CommandType cmdType) 位置 d:\all in one\project\websvn\zyldingfang\trunk\Common\Windy.Common\Windy.Common.Libraries\DbAccess\OperateContext.cs:行号 389
   在 Windy.Common.Libraries.DbAccess.DataAccess.ExecuteDataSet(String sql, CommandType cmdType) 位置 d:\all in one\project\websvn\zyldingfang\trunk\Common\Windy.Common\Windy.Common.Libraries\DbAccess\DataAccess.cs:行号 314
   在 Windy.Service.DAL.DBAccessBase.GetPageList(String szTableName, String szFields, String szOrderName, Int32 pageSize, Int32 pageIndex, Boolean isGetCount, String szOrderType, String strWhere, DataSet& result) 位置 d:\all in one\project\websvn\zyldingfang\trunk\Windy.Service.DAL\DBAccessBase.cs:行号 194


----------------------------------------------
时间：2014/11/16 11:53:00
类型：Error
基本信息：方法Int16 GetMenuList(System.String, System.Collections.Generic.List`1[Windy.Service.DAL.Menus] ByRef)执行失败!
输入参数：
    param=SELECT ID,MenuName,Url,ParentID,Icon,Description,MenuType FROM Menu WHERE 1=1;
    db-info=;
    ftp-info=;
其他信息：
    SQL语句执行失败!
例外信息：MySql.Data.MySqlClient.MySqlException (0x80004005): Unable to connect to any of the specified MySQL hosts. ---> System.Exception: 引发类型为“System.Exception”的异常。
   在 MySql.Data.MySqlClient.NativeDriver.Open()
   在 Windy.Common.Libraries.DbAccess.OperateContext.GenericExceptionHandler(Exception ex) 位置 d:\all in one\project\websvn\zyldingfang\trunk\Common\Windy.Common\Windy.Common.Libraries\DbAccess\OperateContext.cs:行号 423
   在 Windy.Common.Libraries.DbAccess.OperateContext.ExecuteReader(String sql, CommandType cmdType, DbParameter[]& parameters) 位置 d:\all in one\project\websvn\zyldingfang\trunk\Common\Windy.Common\Windy.Common.Libraries\DbAccess\OperateContext.cs:行号 351
   在 Windy.Common.Libraries.DbAccess.OperateContext.ExecuteReader(String sql, CommandType cmdType) 位置 d:\all in one\project\websvn\zyldingfang\trunk\Common\Windy.Common\Windy.Common.Libraries\DbAccess\OperateContext.cs:行号 337
   在 Windy.Common.Libraries.DbAccess.DataAccess.ExecuteReader(String sql, CommandType cmdType) 位置 d:\all in one\project\websvn\zyldingfang\trunk\Common\Windy.Common\Windy.Common.Libraries\DbAccess\DataAccess.cs:行号 274
   在 Windy.Service.DAL.zyldingfang.MenuAccess.GetMenuList(String keyWords, List`1& lstMenu) 位置 d:\all in one\project\websvn\zyldingfang\trunk\Windy.Service.DAL\zyldingfang\MenuAccess.cs:行号 211


----------------------------------------------
时间：2014/11/16 11:53:15
类型：Error
基本信息：方法Int16 GetEmpMenuByEmpID(System.String, System.Collections.Generic.List`1[Windy.Service.DAL.EmpMenu] ByRef)执行失败!
输入参数：
    param=SELECT EmpID,MenuID FROM EmpMenu WHERE EmpID = 8;
    db-info=;
    ftp-info=;
其他信息：
    SQL语句执行失败!
例外信息：MySql.Data.MySqlClient.MySqlException (0x80004005): Unable to connect to any of the specified MySQL hosts. ---> System.Exception: 引发类型为“System.Exception”的异常。
   在 MySql.Data.MySqlClient.NativeDriver.Open()
   在 Windy.Common.Libraries.DbAccess.OperateContext.GenericExceptionHandler(Exception ex) 位置 d:\all in one\project\websvn\zyldingfang\trunk\Common\Windy.Common\Windy.Common.Libraries\DbAccess\OperateContext.cs:行号 423
   在 Windy.Common.Libraries.DbAccess.OperateContext.ExecuteReader(String sql, CommandType cmdType, DbParameter[]& parameters) 位置 d:\all in one\project\websvn\zyldingfang\trunk\Common\Windy.Common\Windy.Common.Libraries\DbAccess\OperateContext.cs:行号 351
   在 Windy.Common.Libraries.DbAccess.OperateContext.ExecuteReader(String sql, CommandType cmdType) 位置 d:\all in one\project\websvn\zyldingfang\trunk\Common\Windy.Common\Windy.Common.Libraries\DbAccess\OperateContext.cs:行号 337
   在 Windy.Common.Libraries.DbAccess.DataAccess.ExecuteReader(String sql, CommandType cmdType) 位置 d:\all in one\project\websvn\zyldingfang\trunk\Common\Windy.Common\Windy.Common.Libraries\DbAccess\DataAccess.cs:行号 274
   在 Windy.Service.DAL.zyldingfang.EmpMenuAccess.GetEmpMenuByEmpID(String EmpID, List`1& lstEmpMenu) 位置 d:\all in one\project\websvn\zyldingfang\trunk\Windy.Service.DAL\zyldingfang\EmpMenuAccess.cs:行号 131


----------------------------------------------
时间：2014/11/16 11:53:41
类型：Error
基本信息：方法Int16 GetPageList(System.String, System.String, System.String, Int32, Int32, Boolean, System.String, System.String, System.Data.DataSet ByRef)执行失败!
输入参数：
    param=select ID,Product,Version,Creater,SubmitTime,Owener,SoluteTime,State,Question,Title,FileAttach,Expense,Solution from Demand where 1=1 and Creater ='wbl' order by  SubmitTime Desc limit 0 , 20;;
    db-info=;
    ftp-info=;
其他信息：
    分页存储过程保存执行失败!
例外信息：MySql.Data.MySqlClient.MySqlException (0x80004005): Unable to connect to any of the specified MySQL hosts. ---> System.Exception: 引发类型为“System.Exception”的异常。
   在 MySql.Data.MySqlClient.NativeDriver.Open()
   在 Windy.Common.Libraries.DbAccess.OperateContext.GenericExceptionHandler(Exception ex) 位置 d:\all in one\project\websvn\zyldingfang\trunk\Common\Windy.Common\Windy.Common.Libraries\DbAccess\OperateContext.cs:行号 423
   在 Windy.Common.Libraries.DbAccess.OperateContext.ExecuteDataSet(String sql, CommandType cmdType, DbParameter[]& parameters) 位置 d:\all in one\project\websvn\zyldingfang\trunk\Common\Windy.Common\Windy.Common.Libraries\DbAccess\OperateContext.cs:行号 406
   在 Windy.Common.Libraries.DbAccess.OperateContext.ExecuteDataSet(String sql, CommandType cmdType) 位置 d:\all in one\project\websvn\zyldingfang\trunk\Common\Windy.Common\Windy.Common.Libraries\DbAccess\OperateContext.cs:行号 389
   在 Windy.Common.Libraries.DbAccess.DataAccess.ExecuteDataSet(String sql, CommandType cmdType) 位置 d:\all in one\project\websvn\zyldingfang\trunk\Common\Windy.Common\Windy.Common.Libraries\DbAccess\DataAccess.cs:行号 314
   在 Windy.Service.DAL.DBAccessBase.GetPageList(String szTableName, String szFields, String szOrderName, Int32 pageSize, Int32 pageIndex, Boolean isGetCount, String szOrderType, String strWhere, DataSet& result) 位置 d:\all in one\project\websvn\zyldingfang\trunk\Windy.Service.DAL\DBAccessBase.cs:行号 194


----------------------------------------------
时间：2014/11/16 11:57:04
类型：Error
基本信息：方法DocumentAccess.GetEmpOrgByOrgID执行失败!
输入参数：
    szSQL=SELECT EmpID,OrgID FROM EmpOrg WHERE EmpID in( 8);
其他信息：
    未查询到记录
例外信息：null


----------------------------------------------
时间：2014/11/16 11:57:05
类型：Error
基本信息：方法DocumentAccess.GetEmpOrgByOrgID执行失败!
输入参数：
    szSQL=SELECT EmpID,OrgID FROM EmpOrg WHERE EmpID in( 8);
其他信息：
    未查询到记录
例外信息：null


