----------------------------------------------
时间：2014/9/9 10:02:35
类型：Error
基本信息：方法EmployeeAccess.GetEmployeeByName执行失败!
输入参数：
    szSQL=SELECT ID,EmpNo,Name,OrgName,Pwd,RoleType,Tel FROM Employee WHERE EmpNo = 'admin4' and Pwd='33';
其他信息：
    未查询到记录
例外信息：null


----------------------------------------------
时间：2014/9/9 10:05:24
类型：Error
基本信息：方法EmployeeAccess.GetEmployeeByName执行失败!
输入参数：
    szSQL=SELECT ID,EmpNo,Name,OrgName,Pwd,RoleType,Tel FROM Employee WHERE EmpNo = 'admin' and Pwd='admin3';
其他信息：
    未查询到记录
例外信息：null


----------------------------------------------
时间：2014/9/9 10:07:07
类型：Error
基本信息：方法EmployeeAccess.GetEmployeeByName执行失败!
输入参数：
    szSQL=SELECT ID,EmpNo,Name,OrgName,Pwd,RoleType,Tel FROM Employee WHERE EmpNo = 'admin' and Pwd='admin3';
其他信息：
    未查询到记录
例外信息：null


----------------------------------------------
时间：2014/9/9 10:07:29
类型：Error
基本信息：方法EmployeeAccess.GetEmployeeByName执行失败!
输入参数：
    szSQL=SELECT ID,EmpNo,Name,OrgName,Pwd,RoleType,Tel FROM Employee WHERE EmpNo = 'admin' and Pwd='admin3';
其他信息：
    未查询到记录
例外信息：null


----------------------------------------------
时间：2014/9/9 10:07:38
类型：Error
基本信息：方法EmployeeAccess.GetEmployeeByName执行失败!
输入参数：
    szSQL=SELECT ID,EmpNo,Name,OrgName,Pwd,RoleType,Tel FROM Employee WHERE EmpNo = 'admin' and Pwd='admin3';
其他信息：
    未查询到记录
例外信息：null


----------------------------------------------
时间：2014/9/9 10:08:00
类型：Error
基本信息：方法EmployeeAccess.GetEmployeeByName执行失败!
输入参数：
    szSQL=SELECT ID,EmpNo,Name,OrgName,Pwd,RoleType,Tel FROM Employee WHERE EmpNo = 'admin' and Pwd='admin3';
其他信息：
    未查询到记录
例外信息：null


----------------------------------------------
时间：2014/9/9 10:09:25
类型：Error
基本信息：方法EmployeeAccess.GetEmployeeByName执行失败!
输入参数：
    szSQL=SELECT ID,EmpNo,Name,OrgName,Pwd,RoleType,Tel FROM Employee WHERE EmpNo = 'admin' and Pwd='admin3';
其他信息：
    未查询到记录
例外信息：null


----------------------------------------------
时间：2014/9/9 10:10:01
类型：Error
基本信息：方法EmployeeAccess.GetEmployeeByName执行失败!
输入参数：
    szSQL=SELECT ID,EmpNo,Name,OrgName,Pwd,RoleType,Tel FROM Employee WHERE EmpNo = 'admin' and Pwd='admin3';
其他信息：
    未查询到记录
例外信息：null


----------------------------------------------
时间：2014/9/9 10:12:13
类型：Error
基本信息：方法EmployeeAccess.GetEmployeeByName执行失败!
输入参数：
    szSQL=SELECT ID,EmpNo,Name,OrgName,Pwd,RoleType,Tel FROM Employee WHERE EmpNo = 'admin' and Pwd='admin3';
其他信息：
    未查询到记录
例外信息：null


----------------------------------------------
时间：2014/9/9 10:12:32
类型：Error
基本信息：方法EmployeeAccess.GetEmployeeByName执行失败!
输入参数：
    szSQL=SELECT ID,EmpNo,Name,OrgName,Pwd,RoleType,Tel FROM Employee WHERE EmpNo = 'admin' and Pwd='admin3';
其他信息：
    未查询到记录
例外信息：null


----------------------------------------------
时间：2014/9/9 10:12:56
类型：Error
基本信息：方法EmployeeAccess.GetEmployeeByName执行失败!
输入参数：
    szSQL=SELECT ID,EmpNo,Name,OrgName,Pwd,RoleType,Tel FROM Employee WHERE EmpNo = 'admin4' and Pwd='33';
其他信息：
    未查询到记录
例外信息：null


----------------------------------------------
时间：2014/9/9 10:13:01
类型：Error
基本信息：方法EmployeeAccess.GetEmployeeByName执行失败!
输入参数：
    szSQL=SELECT ID,EmpNo,Name,OrgName,Pwd,RoleType,Tel FROM Employee WHERE EmpNo = 'admin' and Pwd='admin3';
其他信息：
    未查询到记录
例外信息：null


----------------------------------------------
时间：2014/9/9 10:13:05
类型：Error
基本信息：方法EmployeeAccess.GetEmployeeByName执行失败!
输入参数：
    szSQL=SELECT ID,EmpNo,Name,OrgName,Pwd,RoleType,Tel FROM Employee WHERE EmpNo = 'admin' and Pwd='admin3';
其他信息：
    未查询到记录
例外信息：null


----------------------------------------------
时间：2014/9/9 10:13:24
类型：Error
基本信息：方法EmployeeAccess.GetEmployeeByName执行失败!
输入参数：
    szSQL=SELECT ID,EmpNo,Name,OrgName,Pwd,RoleType,Tel FROM Employee WHERE EmpNo = 'admin' and Pwd='111111';
其他信息：
    未查询到记录
例外信息：null


----------------------------------------------
时间：2014/9/9 10:13:49
类型：Error
基本信息：方法EmployeeAccess.GetEmployeeByName执行失败!
输入参数：
    szSQL=SELECT ID,EmpNo,Name,OrgName,Pwd,RoleType,Tel FROM Employee WHERE EmpNo = 'admin' and Pwd='111111';
其他信息：
    未查询到记录
例外信息：null


----------------------------------------------
时间：2014/9/9 10:15:37
类型：Error
基本信息：方法EmployeeAccess.GetEmployeeByName执行失败!
输入参数：
    szSQL=SELECT ID,EmpNo,Name,OrgName,Pwd,RoleType,Tel FROM Employee WHERE EmpNo = 'admin' and Pwd='111111';
其他信息：
    未查询到记录
例外信息：null


----------------------------------------------
时间：2014/9/9 11:02:27
类型：Error
基本信息：方法ServiceParam.SetMainDbParams执行失败!
输入参数：
    dbtype=mysql;
    provider=MySqlClient;
    connString=Server=211.149.149.117; Database=zyl; Uid=root; Pwd=root3306;;
其他信息：
    不支持的数据库类型!
例外信息：null


----------------------------------------------
时间：2014/9/9 13:31:30
类型：Error
基本信息：方法DocumentAccess.GetEmpMenuByMenuID执行失败!
输入参数：
    szSQL=SELECT EmpID,MenuID FROM EmpMenu WHERE EmpID = 84;
其他信息：
    未查询到记录
例外信息：null


----------------------------------------------
时间：2014/9/9 15:35:38
类型：Error
基本信息：方法Int16 GetMenuPageList(Int32, Int32, System.String, System.Collections.Generic.List`1[Windy.Service.DAL.Menus] ByRef)执行失败!
输入参数：
    param=;
    db-info=;
    ftp-info=;
其他信息：
    获取分页新闻资讯集合失败
例外信息：System.IndexOutOfRangeException: 无法找到表 0。
   在 System.Data.DataTableCollection.get_Item(Int32 index)
   在 Windy.Service.DAL.zyldingfang.MenuAccess.GetMenuPageList(Int32 pageSize, Int32 pageIndex, String szCategoryName, List`1& lstMenu) 位置 d:\all in one\project\websvn\zyldingfang\trunk\Windy.Service.DAL\zyldingfang\MenuAccess.cs:行号 273


----------------------------------------------
时间：2014/9/9 15:41:33
类型：Error
基本信息：方法Int16 GetPageList(System.String, System.String, System.String, Int32, Int32, Boolean, System.String, System.String, System.Data.DataSet ByRef)执行失败!
输入参数：
    param=Select Top 10 ID,MenuName,Url,ParentID,Icon,Description,MenuType from Menu where 1=1 order by ID Desc ;
    db-info=;
    ftp-info=;
其他信息：
    分页存储过程保存执行失败!
例外信息：MySql.Data.MySqlClient.MySqlException (0x80004005): You have an error in your SQL syntax; check the manual that corresponds to your MySQL server version for the right syntax to use near '10 ID,MenuName,Url,ParentID,Icon,Description,MenuType from Menu where 1=1 order ' at line 1
   在 Windy.Common.Libraries.DbAccess.OperateContext.GenericExceptionHandler(Exception ex) 位置 d:\all in one\project\websvn\zyldingfang\trunk\Common\Windy.Common\Windy.Common.Libraries\DbAccess\OperateContext.cs:行号 423
   在 Windy.Common.Libraries.DbAccess.OperateContext.ExecuteDataSet(String sql, CommandType cmdType, DbParameter[]& parameters) 位置 d:\all in one\project\websvn\zyldingfang\trunk\Common\Windy.Common\Windy.Common.Libraries\DbAccess\OperateContext.cs:行号 406
   在 Windy.Common.Libraries.DbAccess.OperateContext.ExecuteDataSet(String sql, CommandType cmdType) 位置 d:\all in one\project\websvn\zyldingfang\trunk\Common\Windy.Common\Windy.Common.Libraries\DbAccess\OperateContext.cs:行号 389
   在 Windy.Common.Libraries.DbAccess.DataAccess.ExecuteDataSet(String sql, CommandType cmdType) 位置 d:\all in one\project\websvn\zyldingfang\trunk\Common\Windy.Common\Windy.Common.Libraries\DbAccess\DataAccess.cs:行号 314
   在 Windy.Service.DAL.DBAccessBase.GetPageList(String szTableName, String szFields, String szOrderName, Int32 pageSize, Int32 pageIndex, Boolean isGetCount, String szOrderType, String strWhere, DataSet& result)


----------------------------------------------
时间：2014/9/9 16:58:30
类型：Error
基本信息：方法DocumentAccess.GetEmpMenuByMenuID执行失败!
输入参数：
    szSQL=SELECT EmpID,MenuID FROM EmpMenu WHERE EmpID = 81;
其他信息：
    未查询到记录
例外信息：null


----------------------------------------------
时间：2014/9/9 16:58:49
类型：Error
基本信息：方法DocumentAccess.GetEmpMenuByMenuID执行失败!
输入参数：
    szSQL=SELECT EmpID,MenuID FROM EmpMenu WHERE EmpID = 86;
其他信息：
    未查询到记录
例外信息：null


----------------------------------------------
时间：2014/9/9 16:58:59
类型：Error
基本信息：方法DocumentAccess.GetEmpMenuByMenuID执行失败!
输入参数：
    szSQL=SELECT EmpID,MenuID FROM EmpMenu WHERE EmpID = 81;
其他信息：
    未查询到记录
例外信息：null


----------------------------------------------
时间：2014/9/9 16:59:17
类型：Error
基本信息：方法DocumentAccess.GetEmpMenuByMenuID执行失败!
输入参数：
    szSQL=SELECT EmpID,MenuID FROM EmpMenu WHERE EmpID = 81;
其他信息：
    未查询到记录
例外信息：null


----------------------------------------------
时间：2014/9/9 17:00:34
类型：Error
基本信息：方法DocumentAccess.GetEmpMenuByMenuID执行失败!
输入参数：
    szSQL=SELECT EmpID,MenuID FROM EmpMenu WHERE EmpID = 81;
其他信息：
    未查询到记录
例外信息：null


----------------------------------------------
时间：2014/9/9 17:00:58
类型：Error
基本信息：方法DocumentAccess.GetEmpMenuByMenuID执行失败!
输入参数：
    szSQL=SELECT EmpID,MenuID FROM EmpMenu WHERE EmpID = 81;
其他信息：
    未查询到记录
例外信息：null


----------------------------------------------
时间：2014/9/9 17:01:55
类型：Error
基本信息：方法DocumentAccess.GetEmpMenuByMenuID执行失败!
输入参数：
    szSQL=SELECT EmpID,MenuID FROM EmpMenu WHERE EmpID = 8;
其他信息：
    未查询到记录
例外信息：null


----------------------------------------------
时间：2014/9/9 17:02:18
类型：Error
基本信息：方法DocumentAccess.GetEmpMenuByMenuID执行失败!
输入参数：
    szSQL=SELECT EmpID,MenuID FROM EmpMenu WHERE EmpID = 15;
其他信息：
    未查询到记录
例外信息：null


----------------------------------------------
时间：2014/9/9 17:03:12
类型：Error
基本信息：方法DocumentAccess.GetEmpMenuByMenuID执行失败!
输入参数：
    szSQL=SELECT EmpID,MenuID FROM EmpMenu WHERE EmpID = 15;
其他信息：
    未查询到记录
例外信息：null


----------------------------------------------
时间：2014/9/9 17:04:35
类型：Error
基本信息：方法DocumentAccess.GetEmpMenuByMenuID执行失败!
输入参数：
    szSQL=SELECT EmpID,MenuID FROM EmpMenu WHERE EmpID = 15;
其他信息：
    未查询到记录
例外信息：null


